<?xml version="1.0" encoding="UTF-8"?>
<testsuite name="com.medifeeds.register.repo.UserRepositoryTest" time="0.608" tests="5" errors="0" skipped="0" failures="2">
  <properties>
[...]
</properties>
  <testcase name="findAll" classname="com.medifeeds.register.repo.UserRepositoryTest" time="0.465"/>
  <testcase name="testLoginSucess" classname="com.medifeeds.register.repo.UserRepositoryTest" time="0.086"/>
  <testcase name="testLoginFailureWrongPassword" classname="com.medifeeds.register.repo.UserRepositoryTest" time="0.034">
    <failure message="Login Failure, Incorrect Password expected:&lt;Swara_2013[11]&gt; but was:&lt;Swara_2013[]&gt;" type="org.junit.ComparisonFailure"><![CDATA[org.junit.ComparisonFailure: Login Failure, Incorrect Password expected:<Swara_2013[11]> but was:<Swara_2013[]>
	at org.junit.Assert.assertEquals(Assert.java:115)
	at com.medifeeds.register.repo.UserRepositoryTest.testLoginFailureWrongPassword(UserRepositoryTest.java:54)
]]></failure>
  </testcase>
  <testcase name="testEmailValidation" classname="com.medifeeds.register.repo.UserRepositoryTest" time="0.014">
    <failure message="Expected exception: com.medifeeds.register.exceptions.MedifeedsException" type="java.lang.AssertionError">java.lang.AssertionError: Expected exception: com.medifeeds.register.exceptions.MedifeedsException
	at org.junit.internal.runners.statements.ExpectException.evaluate(ExpectException.java:32)
	at org.junit.internal.runners.statements.RunBefores.evaluate(RunBefores.java:26)
	at org.springframework.test.context.junit4.statements.RunBeforeTestMethodCallbacks.evaluate(RunBeforeTestMethodCallbacks.java:75)
	at org.junit.internal.runners.statements.RunAfters.evaluate(RunAfters.java:27)
	at org.springframework.test.context.junit4.statements.RunAfterTestMethodCallbacks.evaluate(RunAfterTestMethodCallbacks.java:86)
	at org.springframework.test.context.junit4.statements.SpringRepeat.evaluate(SpringRepeat.java:84)
	at org.junit.runners.ParentRunner.runLeaf(ParentRunner.java:325)
	at org.springframework.test.context.junit4.SpringJUnit4ClassRunner.runChild(SpringJUnit4ClassRunner.java:252)
	at org.springframework.test.context.junit4.SpringJUnit4ClassRunner.runChild(SpringJUnit4ClassRunner.java:94)
	at org.junit.runners.ParentRunner$3.run(ParentRunner.java:290)
	at org.junit.runners.ParentRunner$1.schedule(ParentRunner.java:71)
	at org.junit.runners.ParentRunner.runChildren(ParentRunner.java:288)
	at org.junit.runners.ParentRunner.access$000(ParentRunner.java:58)
	at org.junit.runners.ParentRunner$2.evaluate(ParentRunner.java:268)
	at org.springframework.test.context.junit4.statements.RunBeforeTestClassCallbacks.evaluate(RunBeforeTestClassCallbacks.java:61)
	at org.springframework.test.context.junit4.statements.RunAfterTestClassCallbacks.evaluate(RunAfterTestClassCallbacks.java:70)
	at org.junit.runners.ParentRunner.run(ParentRunner.java:363)
	at org.springframework.test.context.junit4.SpringJUnit4ClassRunner.run(SpringJUnit4ClassRunner.java:191)
	at org.apache.maven.surefire.junit4.JUnit4Provider.execute(JUnit4Provider.java:283)
	at org.apache.maven.surefire.junit4.JUnit4Provider.executeWithRerun(JUnit4Provider.java:173)
	at org.apache.maven.surefire.junit4.JUnit4Provider.executeTestSet(JUnit4Provider.java:153)
	at org.apache.maven.surefire.junit4.JUnit4Provider.invoke(JUnit4Provider.java:128)
	at org.apache.maven.surefire.booter.ForkedBooter.invokeProviderInSameClassLoader(ForkedBooter.java:203)
	at org.apache.maven.surefire.booter.ForkedBooter.runSuitesInProcess(ForkedBooter.java:155)
	at org.apache.maven.surefire.booter.ForkedBooter.main(ForkedBooter.java:103)
</failure>
  </testcase>
  <testcase name="testUserNotFound" classname="com.medifeeds.register.repo.UserRepositoryTest" time="0.009"/>
</testsuite>